生成启动时间为 2018/6/12 16:28:14。
     1>项目“E:\workspace\wiwiSoftware\logic\logic.vcxproj”在节点 2 上(Build 个目标)。
     1>CustomBuild:
         Moc'ing ThreadConfig.h...
         Moc'ing EventManager.h...
     1>C:\Program Files (x86)\MSBuild\Microsoft.Cpp\v4.0\V120\Microsoft.CppBuild.targets(935,5): warning MSB8027: Two or more files with the name of moc_EventManager.cpp will produce outputs to the same location. This can lead to an incorrect build result.  The files involved are GeneratedFiles\Debug\moc_EventManager.cpp, GeneratedFiles\Release\moc_EventManager.cpp.
     1>C:\Program Files (x86)\MSBuild\Microsoft.Cpp\v4.0\V120\Microsoft.CppBuild.targets(935,5): warning MSB8027: Two or more files with the name of moc_ThreadConfig.cpp will produce outputs to the same location. This can lead to an incorrect build result.  The files involved are GeneratedFiles\Debug\moc_ThreadConfig.cpp, GeneratedFiles\Release\moc_ThreadConfig.cpp.
       ClCompile:
         D:\Program Files (x86)\Microsoft Visual Studio 12.0\VC\bin\CL.exe /c /I.\GeneratedFiles /I. /ID:\Qt5.7\Qt5.7.1\5.7\msvc2013\include /I.\GeneratedFiles\Debug /ID:\Qt5.7\Qt5.7.1\5.7\msvc2013\include\QtCore /I..\tool /I..\tool\GeneratedFiles /ID:\Qt5.7\Qt5.7.1\5.7\msvc2013\include\QtWidgets /ID:\Qt5.7\Qt5.7.1\5.7\msvc2013\include\QtGui /I..\communication /I..\communication\GeneratedFiles /Zi /nologo /W1 /WX- /Od /Oy- /D UNICODE /D WIN32 /D WIN64 /D QT_DLL /D QT_CORE_LIB /D LOGIC_LIB /D QT_WIDGETS_LIB /D QT_GUI_LIB /D _WINDLL /Gm- /EHsc /MDd /GS /fp:precise /Zc:wchar_t /Zc:forScope /Fo"Debug\\" /Fd"Debug\vc120.pdb" /Gd /TP /analyze- /errorReport:prompt EventManager.cpp GeneratedFiles\Debug\moc_EventManager.cpp GeneratedFiles\Debug\moc_ThreadConfig.cpp logicBase.cpp ThreadConfig.cpp
         EventManager.cpp
         moc_EventManager.cpp
         moc_ThreadConfig.cpp
         logicBase.cpp
         ThreadConfig.cpp
         正在生成代码...
       Link:
         D:\Program Files (x86)\Microsoft Visual Studio 12.0\VC\bin\link.exe /ERRORREPORT:PROMPT /OUT:"E:\workspace\wiwiSoftware\Win32\Debug\\logic.dll" /NOLOGO /LIBPATH:D:\Qt5.7\Qt5.7.1\5.7\msvc2013\lib /LIBPATH:E:\workspace\wiwiSoftware\Win32\Debug\ qtmaind.lib Qt5Cored.lib tool.lib communication.lib Qt5Widgetsd.lib Qt5Guid.lib kernel32.lib user32.lib gdi32.lib winspool.lib comdlg32.lib advapi32.lib shell32.lib ole32.lib oleaut32.lib uuid.lib odbc32.lib odbccp32.lib /MANIFEST /MANIFESTUAC:"level='asInvoker' uiAccess='false'" /manifest:embed /DEBUG /PDB:"E:\workspace\wiwiSoftware\Win32\Debug\logic.pdb" /SUBSYSTEM:WINDOWS /TLBID:1 /DYNAMICBASE /NXCOMPAT /IMPLIB:"E:\workspace\wiwiSoftware\Win32\Debug\logic.lib" /MACHINE:X86 /SAFESEH /DLL Debug\EventManager.obj
         Debug\moc_EventManager.obj
         Debug\moc_ThreadConfig.obj
         Debug\logicBase.obj
         Debug\ThreadConfig.obj
            正在创建库 E:\workspace\wiwiSoftware\Win32\Debug\logic.lib 和对象 E:\workspace\wiwiSoftware\Win32\Debug\logic.exp
         logic.vcxproj -> E:\workspace\wiwiSoftware\Win32\Debug\logic.dll
     1>已完成生成项目“E:\workspace\wiwiSoftware\logic\logic.vcxproj”(Build 个目标)的操作。

生成成功。

已用时间 00:00:02.66
