e:\workspace\wiwisoftware\logic\debug\vc120.pdb
e:\workspace\wiwisoftware\logic\debug\logicbase.obj
e:\workspace\wiwisoftware\logic\debug\eventmanager.obj
e:\workspace\wiwisoftware\logic\generatedfiles\debug\moc_eventmanager.cpp
e:\workspace\wiwisoftware\win32\debug\logic.ilk
e:\workspace\wiwisoftware\win32\debug\logic.dll
e:\workspace\wiwisoftware\win32\debug\logic.pdb
e:\workspace\wiwisoftware\win32\debug\logic.lib
e:\workspace\wiwisoftware\win32\debug\logic.exp
e:\workspace\wiwisoftware\logic\debug\vc140.pdb
e:\workspace\wiwisoftware\logic\debug\logic.tlog\cl.command.1.tlog
e:\workspace\wiwisoftware\logic\debug\logic.tlog\cl.read.1.tlog
e:\workspace\wiwisoftware\logic\debug\logic.tlog\cl.write.1.tlog
e:\workspace\wiwisoftware\logic\debug\logic.tlog\custombuild.command.1.tlog
e:\workspace\wiwisoftware\logic\debug\logic.tlog\custombuild.read.1.tlog
e:\workspace\wiwisoftware\logic\debug\logic.tlog\custombuild.write.1.tlog
e:\workspace\wiwisoftware\logic\debug\logic.tlog\link.command.1.tlog
e:\workspace\wiwisoftware\logic\debug\logic.tlog\link.read.1.tlog
e:\workspace\wiwisoftware\logic\debug\logic.tlog\link.write.1.tlog
e:\workspace\wiwisoftware\logic\debug\logic.tlog\logic.write.1u.tlog
